[2023-10-06 15:56:39] [info] Start Program:
Path:".\\win-bin\\x64\\Debug\\Tests.exe"
Arguments:
Working directory: not set.
Modules: Selected: * Excluded: 
Sources: Selected: Database Excluded: packages Tests 
Log Level: Normal
Cover Children: 0
Aggregate by file: 1
Continue after C++ exception: 0
Optimized build support: 0
Export: html 
Input coverage: 
Unified diff: 
Excluded line regular expressions: \s*\}.* 
Substitute pdb source paths: 
[2023-10-06 15:56:39] [info] Module: C:\Users\alekc\shared\Database\win-bin\x64\Debug\Tests.exe is selected because it matches selected pattern: *
[2023-10-06 15:56:39] [info] Module: C:\Windows\System32\ntdll.dll is selected because it matches selected pattern: *
[2023-10-06 15:56:39] [info] Module: C:\Windows\System32\kernel32.dll is selected because it matches selected pattern: *
[2023-10-06 15:56:39] [info] Module: C:\Program Files\Avast Software\Avast\aswhook.dll is selected because it matches selected pattern: *
[2023-10-06 15:56:39] [info] Module: C:\Windows\System32\KernelBase.dll is selected because it matches selected pattern: *
[2023-10-06 15:56:39] [info] Module: C:\Windows\System32\ws2_32.dll is selected because it matches selected pattern: *
[2023-10-06 15:56:39] [info] Module: C:\Windows\System32\rpcrt4.dll is selected because it matches selected pattern: *
[2023-10-06 15:56:39] [info] Module: C:\Windows\System32\vcruntime140d.dll is selected because it matches selected pattern: *
[2023-10-06 15:56:39] [info] Module: C:\Windows\System32\msvcp140d_atomic_wait.dll is selected because it matches selected pattern: *
[2023-10-06 15:56:39] [info] Module: C:\Windows\System32\vcruntime140_1d.dll is selected because it matches selected pattern: *
[2023-10-06 15:56:39] [info] Module: C:\Windows\System32\msvcp140d.dll is selected because it matches selected pattern: *
[2023-10-06 15:56:39] [info] Module: C:\Windows\System32\advapi32.dll is selected because it matches selected pattern: *
[2023-10-06 15:56:39] [info] Module: C:\Windows\System32\ucrtbased.dll is selected because it matches selected pattern: *
[2023-10-06 15:56:39] [info] Module: C:\Windows\System32\ucrtbased.dll is selected because it matches selected pattern: *
[2023-10-06 15:56:39] [info] Module: C:\Windows\System32\msvcrt.dll is selected because it matches selected pattern: *
[2023-10-06 15:56:39] [info] Module: C:\Windows\System32\ucrtbased.dll is selected because it matches selected pattern: *
[2023-10-06 15:56:39] [info] Module: C:\Windows\System32\sechost.dll is selected because it matches selected pattern: *
[2023-10-06 15:56:39] [info] Module: C:\Windows\System32\mswsock.dll is selected because it matches selected pattern: *
[2023-10-06 15:56:39] [info] Module: C:\Windows\System32\kernel.appcore.dll is selected because it matches selected pattern: *
[2023-10-06 15:56:40] [info] ----------------------------------------------------
[2023-10-06 15:56:40] [info] Coverage generated in Folder C:\Users\alekc\shared\Database\CoverageReport-2023-10-06-15h56m40s
[2023-10-06 15:56:40] [info] ----------------------------------------------------
[2023-10-06 15:56:40] [info] The code coverage report is not what you expect? See the FAQ https://github.com/OpenCppCoverage/OpenCppCoverage/wiki/FAQ.
[2023-10-06 15:56:40] [error] Your program stop with error code: 1
